<?xml version="1.0" encoding="UTF-8"?>
<!-- Generated by org.testng.reporters.JUnitXMLReporter -->
<testsuite ignored="0" hostname="APT04-1DKF7G3" failures="0" tests="6" name="Test" time="0.06" errors="0" timestamp="2024-07-18T17:22:39 IST">
  <testcase classname="inetBankingV1_MorningBranch.mavenjava.restassured" name="deletetwitter" time="0.006"/>
  <testcase classname="inetBankingV1_MorningBranch.mavenjava.restassured" name="postjira" time="0.0"/>
  <testcase classname="inetBankingV1_MorningBranch.mavenjava.appium" name="IOSApps" time="0.001"/>
  <testcase classname="inetBankingV1_MorningBranch.mavenjava.appium" name="nativeapp" time="0.001"/>
  <testcase classname="inetBankingV1_MorningBranch.mavenjava.selenium" name="seleniumtest" time="0.001"/>
  <testcase classname="inetBankingV1_MorningBranch.mavenjava.selenium" name="uitest" time="0.0"/>
</testsuite> <!-- Test -->
