<?xml version="1.0" encoding="UTF-8"?>
<!-- Generated by org.testng.reporters.JUnitXMLReporter -->
<testsuite ignored="0" hostname="APT04-1DKF7G3" failures="0" tests="4" name="Test" time="0.031" errors="0" timestamp="2024-07-18T17:43:53 IST">
  <testcase classname="inetBankingV1_MorningBranch.mavenjava.restassured" name="deletetwitter" time="0.002"/>
  <testcase classname="inetBankingV1_MorningBranch.mavenjava.restassured" name="postjira" time="0.0"/>
  <testcase classname="inetBankingV1_MorningBranch.mavenjava.selenium" name="seleniumtest" time="0.0"/>
  <testcase classname="inetBankingV1_MorningBranch.mavenjava.selenium" name="uitest" time="0.0"/>
</testsuite> <!-- Test -->
