<?xml version="1.0" encoding="UTF-8"?>
<testng-results ignored="0" total="4" passed="4" failed="0" skipped="0">
  <reporter-output>
  </reporter-output>
  <suite started-at="2024-07-18T17:43:53 IST" name="Suite" finished-at="2024-07-18T17:43:53 IST" duration-ms="31">
    <groups>
    </groups>
    <test started-at="2024-07-18T17:43:53 IST" name="Test" finished-at="2024-07-18T17:43:53 IST" duration-ms="31">
      <class name="inetBankingV1_MorningBranch.mavenjava.restassured">
        <test-method signature="deletetwitter()[pri:0, instance:inetBankingV1_MorningBranch.mavenjava.restassured@57c758ac]" started-at="2024-07-18T17:43:53 IST" name="deletetwitter" finished-at="2024-07-18T17:43:53 IST" duration-ms="2" status="PASS">
          <reporter-output>
          </reporter-output>
        </test-method> <!-- deletetwitter -->
        <test-method signature="postjira()[pri:0, instance:inetBankingV1_MorningBranch.mavenjava.restassured@57c758ac]" started-at="2024-07-18T17:43:53 IST" name="postjira" finished-at="2024-07-18T17:43:53 IST" duration-ms="0" status="PASS">
          <reporter-output>
          </reporter-output>
        </test-method> <!-- postjira -->
      </class> <!-- inetBankingV1_MorningBranch.mavenjava.restassured -->
      <class name="inetBankingV1_MorningBranch.mavenjava.selenium">
        <test-method signature="seleniumtest()[pri:0, instance:inetBankingV1_MorningBranch.mavenjava.selenium@6a28ffa4]" started-at="2024-07-18T17:43:53 IST" name="seleniumtest" finished-at="2024-07-18T17:43:53 IST" duration-ms="0" status="PASS">
          <reporter-output>
          </reporter-output>
        </test-method> <!-- seleniumtest -->
        <test-method signature="uitest()[pri:0, instance:inetBankingV1_MorningBranch.mavenjava.selenium@6a28ffa4]" started-at="2024-07-18T17:43:53 IST" name="uitest" finished-at="2024-07-18T17:43:53 IST" duration-ms="0" status="PASS">
          <reporter-output>
          </reporter-output>
        </test-method> <!-- uitest -->
      </class> <!-- inetBankingV1_MorningBranch.mavenjava.selenium -->
    </test> <!-- Test -->
  </suite> <!-- Suite -->
</testng-results>
