<?xml version="1.0" encoding="UTF-8"?>
<testng-results ignored="0" total="6" passed="6" failed="0" skipped="0">
  <reporter-output>
  </reporter-output>
  <suite started-at="2024-07-18T17:22:39 IST" name="Suite" finished-at="2024-07-18T17:22:39 IST" duration-ms="60">
    <groups>
    </groups>
    <test started-at="2024-07-18T17:22:39 IST" name="Test" finished-at="2024-07-18T17:22:39 IST" duration-ms="60">
      <class name="inetBankingV1_MorningBranch.mavenjava.appium">
        <test-method signature="IOSApps()[pri:0, instance:inetBankingV1_MorningBranch.mavenjava.appium@dbf57b3]" started-at="2024-07-18T17:22:39 IST" name="IOSApps" finished-at="2024-07-18T17:22:39 IST" duration-ms="1" status="PASS">
          <reporter-output>
          </reporter-output>
        </test-method> <!-- IOSApps -->
        <test-method signature="nativeapp()[pri:0, instance:inetBankingV1_MorningBranch.mavenjava.appium@dbf57b3]" started-at="2024-07-18T17:22:39 IST" name="nativeapp" finished-at="2024-07-18T17:22:39 IST" duration-ms="1" status="PASS">
          <reporter-output>
          </reporter-output>
        </test-method> <!-- nativeapp -->
      </class> <!-- inetBankingV1_MorningBranch.mavenjava.appium -->
      <class name="inetBankingV1_MorningBranch.mavenjava.restassured">
        <test-method signature="deletetwitter()[pri:0, instance:inetBankingV1_MorningBranch.mavenjava.restassured@7714e963]" started-at="2024-07-18T17:22:39 IST" name="deletetwitter" finished-at="2024-07-18T17:22:39 IST" duration-ms="6" status="PASS">
          <reporter-output>
          </reporter-output>
        </test-method> <!-- deletetwitter -->
        <test-method signature="postjira()[pri:0, instance:inetBankingV1_MorningBranch.mavenjava.restassured@7714e963]" started-at="2024-07-18T17:22:39 IST" name="postjira" finished-at="2024-07-18T17:22:39 IST" duration-ms="0" status="PASS">
          <reporter-output>
          </reporter-output>
        </test-method> <!-- postjira -->
      </class> <!-- inetBankingV1_MorningBranch.mavenjava.restassured -->
      <class name="inetBankingV1_MorningBranch.mavenjava.selenium">
        <test-method signature="seleniumtest()[pri:0, instance:inetBankingV1_MorningBranch.mavenjava.selenium@384ad17b]" started-at="2024-07-18T17:22:39 IST" name="seleniumtest" finished-at="2024-07-18T17:22:39 IST" duration-ms="1" status="PASS">
          <reporter-output>
          </reporter-output>
        </test-method> <!-- seleniumtest -->
        <test-method signature="uitest()[pri:0, instance:inetBankingV1_MorningBranch.mavenjava.selenium@384ad17b]" started-at="2024-07-18T17:22:39 IST" name="uitest" finished-at="2024-07-18T17:22:39 IST" duration-ms="0" status="PASS">
          <reporter-output>
          </reporter-output>
        </test-method> <!-- uitest -->
      </class> <!-- inetBankingV1_MorningBranch.mavenjava.selenium -->
    </test> <!-- Test -->
  </suite> <!-- Suite -->
</testng-results>
